C51 COMPILER V9.54   DEMO                                                                  03/21/2025 09:46:34 PAGE 1   


C51 COMPILER V9.54, COMPILATION OF MODULE DEMO
OBJECT MODULE PLACED IN demo.OBJ
COMPILER INVOKED BY: E:\Keil_v5\C51\BIN\C51.EXE demo.c OPTIMIZE(8,SPEED) BROWSE INCDIR(E:\Keil_v5\C51) DEBUG OBJECTEXTEN
                    -D TABS(2)

line level    source

   1          #include <stdio.h>
   2          #include <REG52.H>
   3          #include <lcd.h>
   4          
   5          sbit low = P0^2;
   6          sbit high = P0^3;
   7          sbit but = P0^7;
   8          
   9          double value1 = 12.34;  
  10          double value2 = 56.78;  
  11          double value3 = 90.12; 
  12          double value4 = 34.56;  
  13          
  14          void LCD_ShowFourValues(double value1, double value2, double value3, double value4) {
  15   1          char buffer[16];
  16   1      
  17   1          //  (0,0)
  18   1          sprintf(buffer, "%.2f", value1);  // double
  19   1          LCD_ShowString(1, 1, buffer);     // 
  20   1      
  21   1          //  (0,8)
  22   1          sprintf(buffer, "%.2f", value2);  // double 
  23   1          LCD_ShowString(1, 9, buffer);     // 
  24   1      
  25   1          //  (1,0)
  26   1          sprintf(buffer, "%.2f", value3);  // double 
  27   1          LCD_ShowString(2, 1, buffer);     // 
  28   1      
  29   1          //  (1,8)
  30   1          sprintf(buffer, "%.2f", value4);  // double
  31   1          LCD_ShowString(2, 9, buffer);     // 
  32   1      }
  33          void External0_ISR() interrupt 0 {
  34   1          // low electronic will start.
  35   1          unsigned int i;
  36   1          if (P3^2 == 0) {
  37   2              value1+=1;
  38   2          }
  39   1          while(P3^2 == 0);
  40   1      }
*** WARNING C280 IN LINE 35 OF demo.c: 'i': unreferenced local variable
  41          
  42          void External1_ISR() interrupt 2 {
  43   1          // low electronic will start.
  44   1          unsigned int i;
  45   1          for(i = 0; i < 100; i++); 
  46   1          if (P3^3 == 0) {
  47   2              if (value1 > 0) {
  48   3                  value1-=1;
  49   3              }
  50   2          }
  51   1          while(P3^3 == 0);
  52   1      }
  53          
C51 COMPILER V9.54   DEMO                                                                  03/21/2025 09:46:34 PAGE 2   

  54          
  55          void main(void) {
  56   1          LCD_Init();  // LCD1602
  57   1          IT0 = 0;
  58   1          EX0 = 1;
  59   1          EA = 1;
  60   1          low = 0;
  61   1          high = 1;
  62   1          while (1) {
  63   2              LCD_ShowFourValues(value1, value2, value3, value4); 
  64   2              if (but == 1) {
  65   3                value1+=1;
  66   3              }
  67   2              if (but == 0) {
  68   3                value1-=1;
  69   3              }
  70   2          }
  71   1      }


MODULE INFORMATION:   STATIC OVERLAYABLE
   CODE SIZE        =    502    ----
   CONSTANT SIZE    =      5    ----
   XDATA SIZE       =   ----    ----
   PDATA SIZE       =   ----    ----
   DATA SIZE        =     16      34
   IDATA SIZE       =   ----    ----
   BIT SIZE         =   ----    ----
END OF MODULE INFORMATION.


C51 COMPILATION COMPLETE.  1 WARNING(S),  0 ERROR(S)
