C51 COMPILER V9.54   I2C                                                                   03/21/2025 09:11:50 PAGE 1   


C51 COMPILER V9.54, COMPILATION OF MODULE I2C
OBJECT MODULE PLACED IN i2c.OBJ
COMPILER INVOKED BY: E:\Keil_v5\C51\BIN\C51.EXE i2c.c OPTIMIZE(8,SPEED) BROWSE INCDIR(E:\Keil_v5\C51) DEBUG OBJECTEXTEND
                    - TABS(2)

line level    source

   1          #include "i2c.h"
   2          #include <REG52.H>
   3          sbit I2C_SCL = P2^1;  // I2C ???
   4          sbit I2C_SDA = P2^0;  // I2C ???
   5          // I2C ????
   6          void I2C_Delay() {
   7   1          unsigned char i = 10;  // ????
   8   1          while (--i);
   9   1      }
  10          
  11          // I2C ????
  12          void I2C_Start() {
  13   1          I2C_SDA = 1;
  14   1          I2C_SCL = 1;
  15   1          I2C_Delay();
  16   1          I2C_SDA = 0;
  17   1          I2C_Delay();
  18   1          I2C_SCL = 0;
  19   1      }
  20          
  21          // I2C ????
  22          void I2C_Stop() {
  23   1          I2C_SDA = 0;
  24   1          I2C_SCL = 1;
  25   1          I2C_Delay();
  26   1          I2C_SDA = 1;
  27   1          I2C_Delay();
  28   1      }
  29          
  30          // I2C ????
  31          void I2C_SendByte(unsigned char byte) {
  32   1          unsigned char i;
  33   1          for (i = 0; i < 8; i++) {
  34   2              I2C_SDA = (byte & 0x80) ? 1 : 0;  // ?????
  35   2              byte <<= 1;
  36   2              I2C_SCL = 1;
  37   2              I2C_Delay();
  38   2              I2C_SCL = 0;
  39   2              I2C_Delay();
  40   2          }
  41   1          I2C_SDA = 1;  // ?? SDA,??????
  42   1          I2C_SCL = 1;
  43   1          I2C_Delay();
  44   1          I2C_SCL = 0;
  45   1      }
  46          
  47          // I2C ????
  48          unsigned char I2C_ReceiveByte() {
  49   1          unsigned char i, byte = 0;
  50   1          I2C_SDA = 1;  // ?? SDA
  51   1          for (i = 0; i < 8; i++) {
  52   2              I2C_SCL = 1;
  53   2              I2C_Delay();
  54   2              byte = (byte << 1) | I2C_SDA;  // ????
C51 COMPILER V9.54   I2C                                                                   03/21/2025 09:11:50 PAGE 2   

  55   2              I2C_SCL = 0;
  56   2              I2C_Delay();
  57   2          }
  58   1          return byte;
  59   1      }
  60          
  61          // I2C ??????
  62          void I2C_SendAck(unsigned char ack) {
  63   1          I2C_SDA = ack;
  64   1          I2C_SCL = 1;
  65   1          I2C_Delay();
  66   1          I2C_SCL = 0;
  67   1          I2C_Delay();
  68   1      }
  69          
  70          // I2C ??????
  71          unsigned char I2C_ReceiveAck() {
  72   1          unsigned char ack;
  73   1          I2C_SDA = 1;  // ?? SDA
  74   1          I2C_SCL = 1;
  75   1          I2C_Delay();
  76   1          ack = I2C_SDA;
  77   1          I2C_SCL = 0;
  78   1          I2C_Delay();
  79   1          return ack;
  80   1      }


MODULE INFORMATION:   STATIC OVERLAYABLE
   CODE SIZE        =    132    ----
   CONSTANT SIZE    =   ----    ----
   XDATA SIZE       =   ----    ----
   PDATA SIZE       =   ----    ----
   DATA SIZE        =   ----    ----
   IDATA SIZE       =   ----    ----
   BIT SIZE         =   ----    ----
END OF MODULE INFORMATION.


C51 COMPILATION COMPLETE.  0 WARNING(S),  0 ERROR(S)
