C51 COMPILER V9.54   I2CFUNC                                                               03/21/2025 09:03:20 PAGE 1   


C51 COMPILER V9.54, COMPILATION OF MODULE I2CFUNC
OBJECT MODULE PLACED IN i2cfunc.OBJ
COMPILER INVOKED BY: E:\Keil_v5\C51\BIN\C51.EXE i2cfunc.c OPTIMIZE(8,SPEED) BROWSE INCDIR(E:\Keil_v5\C51) DEBUG OBJECTEX
                    -TEND TABS(2)

line level    source

   1          #include <REG52.H>
   2          
   3          // I2C ????
   4          sbit I2C_SCL = P2^1;  // I2C ???
   5          sbit I2C_SDA = P2^0;  // I2C ???
   6          
   7          // I2C ????
   8          void I2C_Delay() {
   9   1          unsigned char i = 5;
  10   1          while (--i);
  11   1      }
  12          
  13          // I2C ????
  14          void I2C_Start() {
  15   1          I2C_SDA = 1;
  16   1          I2C_SCL = 1;
  17   1          I2C_Delay();
  18   1          I2C_SDA = 0;
  19   1          I2C_Delay();
  20   1          I2C_SCL = 0;
  21   1      }
  22          
  23          // I2C ????
  24          void I2C_Stop() {
  25   1          I2C_SDA = 0;
  26   1          I2C_SCL = 1;
  27   1          I2C_Delay();
  28   1          I2C_SDA = 1;
  29   1          I2C_Delay();
  30   1      }
  31          
  32          // I2C ????
  33          void I2C_SendByte(unsigned char byte) {
  34   1          unsigned char i;
  35   1          for (i = 0; i < 8; i++) {
  36   2              I2C_SDA = (byte & 0x80) ? 1 : 0;  // ?????
  37   2              byte <<= 1;
  38   2              I2C_SCL = 1;
  39   2              I2C_Delay();
  40   2              I2C_SCL = 0;
  41   2              I2C_Delay();
  42   2          }
  43   1          I2C_SDA = 1;  // ?? SDA,??????
  44   1          I2C_SCL = 1;
  45   1          I2C_Delay();
  46   1          I2C_SCL = 0;
  47   1      }
  48          
  49          // I2C ????
  50          unsigned char I2C_ReceiveByte() {
  51   1          unsigned char i, byte = 0;
  52   1          I2C_SDA = 1;  // ?? SDA
  53   1          for (i = 0; i < 8; i++) {
  54   2              I2C_SCL = 1;
C51 COMPILER V9.54   I2CFUNC                                                               03/21/2025 09:03:20 PAGE 2   

  55   2              I2C_Delay();
  56   2              byte = (byte << 1) | I2C_SDA;  // ????
  57   2              I2C_SCL = 0;
  58   2              I2C_Delay();
  59   2          }
  60   1          return byte;
  61   1      }
  62          
  63          // I2C ??????
  64          void I2C_SendAck(unsigned char ack) {
  65   1          I2C_SDA = ack;
  66   1          I2C_SCL = 1;
  67   1          I2C_Delay();
  68   1          I2C_SCL = 0;
  69   1          I2C_Delay();
  70   1      }
  71          
  72          // I2C ??????
  73          unsigned char I2C_ReceiveAck() {
  74   1          unsigned char ack;
  75   1          I2C_SDA = 1;  // ?? SDA
  76   1          I2C_SCL = 1;
  77   1          I2C_Delay();
  78   1          ack = I2C_SDA;
  79   1          I2C_SCL = 0;
  80   1          I2C_Delay();
  81   1          return ack;
  82   1      }


MODULE INFORMATION:   STATIC OVERLAYABLE
   CODE SIZE        =    132    ----
   CONSTANT SIZE    =   ----    ----
   XDATA SIZE       =   ----    ----
   PDATA SIZE       =   ----    ----
   DATA SIZE        =   ----    ----
   IDATA SIZE       =   ----    ----
   BIT SIZE         =   ----    ----
END OF MODULE INFORMATION.


C51 COMPILATION COMPLETE.  0 WARNING(S),  0 ERROR(S)
