C51 COMPILER V9.54   LCD                                                                   03/21/2025 09:11:50 PAGE 1   


C51 COMPILER V9.54, COMPILATION OF MODULE LCD
OBJECT MODULE PLACED IN lcd.OBJ
COMPILER INVOKED BY: E:\Keil_v5\C51\BIN\C51.EXE lcd.c OPTIMIZE(8,SPEED) BROWSE INCDIR(E:\Keil_v5\C51) DEBUG OBJECTEXTEND
                    - TABS(2)

line level    source

   1          #include "lcd.h"
   2          #include "i2c.h"
   3          
   4          #define LCD_ADDRESS 0x27  // ???????????
   5          
   6          // LCD ???
   7          void LCD_Init() {
   8   1          LCD_WriteCommand(0x33);  // ??? 8 ???
   9   1          LCD_WriteCommand(0x32);  // ??? 4 ???
  10   1          LCD_WriteCommand(0x28);  // 4 ???,2 ???,5x7 ??
  11   1          LCD_WriteCommand(0x0C);  // ???,???,?????
  12   1          LCD_WriteCommand(0x06);  // ????,????+1
  13   1          LCD_WriteCommand(0x01);  // ??
  14   1      }
  15          
  16          // ??????
  17          void LCD_SetCursor(unsigned char Line, unsigned char Column) {
  18   1          if (Line == 1) {
  19   2              LCD_WriteCommand(0x80 | (Column - 1));
  20   2          } else if (Line == 2) {
  21   2              LCD_WriteCommand(0x80 | (Column - 1 + 0x40));
  22   2          }
  23   1      }
  24          
  25          // ???? LCD
  26          void LCD_WriteCommand(unsigned char Command) {
  27   1          LCD_Send(0x00, Command);  // RS = 0 ????
  28   1      }
  29          
  30          // ???? LCD
  31          void LCD_WriteData(unsigned char Data) {
  32   1          LCD_Send(0x01, Data);  // RS = 1 ????
  33   1      }
  34          
  35          // ?????
  36          void LCD_ShowString(unsigned char Line, unsigned char Column, char *String) {
  37   1          unsigned char i;
  38   1          LCD_SetCursor(Line, Column);
  39   1          for (i = 0; String[i] != '\0'; i++) {
  40   2              LCD_WriteData(String[i]);
  41   2          }
  42   1      }
  43          
  44          // ???????? LCD
  45          void LCD_Send(unsigned char rs, unsigned char da) {
  46   1          unsigned char high = da & 0xF0;  // ? 4 ?
  47   1          unsigned char low = (da << 4) & 0xF0;  // ? 4 ?
  48   1      
  49   1          I2C_Start();
  50   1          I2C_SendByte(LCD_ADDRESS << 1);  // ??????(???)
  51   1          I2C_SendByte(high | rs | 0x04 | 0x08);  // ? 4 ? + RS + EN + ??
  52   1          I2C_SendByte(high | rs | 0x00 | 0x08);  // ? 4 ? + RS + ??
  53   1          I2C_SendByte(low | rs | 0x04 | 0x08);   // ? 4 ? + RS + EN + ??
  54   1          I2C_SendByte(low | rs | 0x00 | 0x08);   // ? 4 ? + RS + ??
C51 COMPILER V9.54   LCD                                                                   03/21/2025 09:11:50 PAGE 2   

  55   1          I2C_Stop();
  56   1      }


MODULE INFORMATION:   STATIC OVERLAYABLE
   CODE SIZE        =    176    ----
   CONSTANT SIZE    =   ----    ----
   XDATA SIZE       =   ----    ----
   PDATA SIZE       =   ----    ----
   DATA SIZE        =   ----       9
   IDATA SIZE       =   ----    ----
   BIT SIZE         =   ----    ----
END OF MODULE INFORMATION.


C51 COMPILATION COMPLETE.  0 WARNING(S),  0 ERROR(S)
